train.py  --dataroot  ./dataset/ForenSynths_train_val  --niter  5  --name  freq_npr_5epoch  --use_freq
*************************
2026_05_22_13_07_48
(0 progan    ) acc: 50.0; ap: 48.2
(1 stylegan  ) acc: 50.0; ap: 41.8
(2 stylegan2 ) acc: 50.0; ap: 38.3
(3 biggan    ) acc: 50.0; ap: 56.4
(4 cyclegan  ) acc: 50.0; ap: 41.4
(5 stargan   ) acc: 50.0; ap: 44.5
(6 gaugan    ) acc: 50.0; ap: 39.7
(7 deepfake  ) acc: 49.9; ap: 42.2
(8 Mean      ) acc: 50.0; ap: 44.1
*************************
2026_05_22_13_15_10
cwd: D:\github-ware\NPR-DeepfakeDetection
2026_05_22_13_18_55 Train loss: 0.6659518480300903 at step: 400 lr 0.0001
(Val @ epoch 0) acc: 0.5225; ap: 0.5846291641457473
*************************
2026_05_22_13_20_29
(0 progan    ) acc: 51.1; ap: 53.1
(1 stylegan  ) acc: 53.4; ap: 55.7
(2 stylegan2 ) acc: 61.9; ap: 68.1
(3 biggan    ) acc: 49.1; ap: 49.3
(4 cyclegan  ) acc: 58.8; ap: 62.0
(5 stargan   ) acc: 48.3; ap: 45.0
(6 gaugan    ) acc: 52.4; ap: 53.8
(7 deepfake  ) acc: 50.1; ap: 57.6
(8 Mean      ) acc: 53.1; ap: 55.6
*************************
2026_05_22_13_23_57
2026_05_22_13_25_12 Train loss: 0.6949765086174011 at step: 800 lr 0.0001
(Val @ epoch 1) acc: 0.5275; ap: 0.5858473919174885
*************************
2026_05_22_13_26_56
(0 progan    ) acc: 52.5; ap: 53.6
(1 stylegan  ) acc: 53.4; ap: 54.4
(2 stylegan2 ) acc: 62.5; ap: 67.3
(3 biggan    ) acc: 51.0; ap: 51.7
(4 cyclegan  ) acc: 55.9; ap: 55.4
(5 stargan   ) acc: 47.4; ap: 42.9
(6 gaugan    ) acc: 51.1; ap: 50.3
(7 deepfake  ) acc: 51.5; ap: 59.6
(8 Mean      ) acc: 53.2; ap: 54.4
*************************
2026_05_22_13_30_24
2026_05_22_13_30_48 Train loss: 0.6977865695953369 at step: 1200 lr 0.0001
2026_05_22_13_32_55 Train loss: 0.6794429421424866 at step: 1600 lr 0.0001
(Val @ epoch 2) acc: 0.5325; ap: 0.5671407333591085
*************************
2026_05_22_13_33_24
(0 progan    ) acc: 56.4; ap: 58.5
(1 stylegan  ) acc: 56.0; ap: 60.4
(2 stylegan2 ) acc: 60.9; ap: 75.7
(3 biggan    ) acc: 60.0; ap: 57.3
(4 cyclegan  ) acc: 46.0; ap: 47.9
(5 stargan   ) acc: 46.2; ap: 44.9
(6 gaugan    ) acc: 50.4; ap: 50.6
(7 deepfake  ) acc: 50.0; ap: 58.0
(8 Mean      ) acc: 53.2; ap: 56.7
*************************
2026_05_22_13_36_52
2026_05_22_13_38_30 Train loss: 0.6634261608123779 at step: 2000 lr 0.0001
(Val @ epoch 3) acc: 0.51; ap: 0.637341724662434
*************************
2026_05_22_13_39_51
(0 progan    ) acc: 50.9; ap: 62.9
(1 stylegan  ) acc: 51.0; ap: 61.6
(2 stylegan2 ) acc: 51.4; ap: 77.5
(3 biggan    ) acc: 53.1; ap: 63.0
(4 cyclegan  ) acc: 45.9; ap: 50.6
(5 stargan   ) acc: 46.7; ap: 46.0
(6 gaugan    ) acc: 43.7; ap: 43.5
(7 deepfake  ) acc: 50.7; ap: 48.8
(8 Mean      ) acc: 49.2; ap: 56.7
*************************
2026_05_22_13_43_19
2026_05_22_13_44_06 Train loss: 0.634899377822876 at step: 2400 lr 0.0001
2026_05_22_13_46_13 Train loss: 0.7384629845619202 at step: 2800 lr 0.0001
(Val @ epoch 4) acc: 0.6; ap: 0.6797089998453261
*************************
2026_05_22_13_46_19
(0 progan    ) acc: 60.3; ap: 64.8
(1 stylegan  ) acc: 57.8; ap: 61.6
(2 stylegan2 ) acc: 65.6; ap: 74.8
(3 biggan    ) acc: 58.6; ap: 61.6
(4 cyclegan  ) acc: 50.8; ap: 51.8
(5 stargan   ) acc: 45.5; ap: 45.0
(6 gaugan    ) acc: 39.6; ap: 40.0
(7 deepfake  ) acc: 49.8; ap: 55.5
(8 Mean      ) acc: 53.5; ap: 56.9
*************************
2026_05_22_13_49_46
*************************
2026_05_22_13_49_46
(0 progan    ) acc: 60.3; ap: 64.8
(1 stylegan  ) acc: 57.8; ap: 61.6
(2 stylegan2 ) acc: 65.6; ap: 74.8
(3 biggan    ) acc: 58.6; ap: 61.6
(4 cyclegan  ) acc: 50.8; ap: 51.8
(5 stargan   ) acc: 45.5; ap: 45.0
(6 gaugan    ) acc: 39.6; ap: 40.0
(7 deepfake  ) acc: 49.8; ap: 55.5
(8 Mean      ) acc: 53.5; ap: 56.9
*************************
2026_05_22_13_53_14
Saving model ./checkpoints\freq_npr_5epoch2026_05_22_13_07_48\model_epoch_last.pth
